
[2025-06-05 04:59:32][Stage: 开始处理]
处理项目: cups 的多个函数

[2025-06-05 04:59:32][Stage: 生成的Prompt]
您是一位安全测试工程师，需要编写一个C程序来发现目标函数中的内存破坏漏洞。
您需要构建一个模糊测试(Fuzzing)的harness程序，能够同时测试多个相关联的函数。

## 项目信息
项目名称: cups
编程语言: c
目标名称: fuzz_ipp_gen

## 您需要测试的函数签名如下:
ipp_state_t ippReadIO(void *, ipp_io_cb_t, int, ipp_t *, ipp_t *)
cups_file_t * cupsFileOpen(const char *, const char *)
int cupsFileClose(cups_file_t *)

## 函数详细信息 (JSON格式):
[
  {
    "name": "ippReadIO",
    "signature": "ipp_state_t ippReadIO(void *, ipp_io_cb_t, int, ipp_t *, ipp_t *)",
    "return_type": "ipp_state_t",
    "param_types": [
      "void *",
      "ipp_io_cb_t",
      "int",
      "ipp_t *",
      "ipp_t *"
    ],
    "param_names": [
      "src",
      "cb",
      "blocking",
      "parent",
      "ipp"
    ],
    "includes": []
  },
  {
    "name": "cupsFileOpen",
    "signature": "cups_file_t * cupsFileOpen(const char *, const char *)",
    "return_type": "cups_file_t *",
    "param_types": [
      "const char *",
      "const char *"
    ],
    "param_names": [
      "filename",
      "mode"
    ],
    "includes": []
  },
  {
    "name": "cupsFileClose",
    "signature": "int cupsFileClose(cups_file_t *)",
    "return_type": "int",
    "param_types": [
      "cups_file_t *"
    ],
    "param_names": [
      "fp"
    ],
    "includes": []
  }
]

## 您的任务:
1. 分析上述函数，理解它们之间可能的调用关系
2. 创建一个符合LibFuzzer接口的测试程序，其中包含LLVMFuzzerTestOneInput函数
3. 在该测试程序中，根据输入数据(data和size)正确初始化函数参数，并合理地调用上述函数
4. 确保在测试过程中不会有内存泄漏，所有资源在测试完成后都能正确释放
5. 如果多个函数之间有调用关系，应当设计合理的调用流程，以充分测试函数交互

## 要求:
1. 所有使用的变量必须声明并初始化。确保代码类型匹配，添加必要的类型转换
2. 变量值尽可能避免使用NULL(除非必要)
3. 如果使用goto语句，必须在goto之前声明所有变量
4. 函数调用顺序应该遵循逻辑，如果有明显的初始化函数、核心处理函数和清理函数，应该按顺序调用
5. 处理输入数据时要考虑边界情况，如data为NULL或size为0的情况
6. 尽可能使用输入数据(data和size)来构造函数参数，以增加测试覆盖率

请提供完整的C代码，包括必要的头文件和正确的LLVMFuzzerTestOneInput函数实现。

<solution>
// 您的解决方案将在这里
</solution> 

[2025-06-05 05:00:40][Stage: 开始处理]
处理项目: cups 的多个函数

[2025-06-05 05:00:40][Stage: 生成的Prompt]
您是一位安全测试工程师，需要编写一个C程序来发现目标函数中的内存破坏漏洞。
您需要构建一个模糊测试(Fuzzing)的harness程序，能够同时测试多个相关联的函数。

## 项目信息
项目名称: cups
编程语言: c
目标名称: fuzz_ipp_gen

## 您需要测试的函数签名如下:
ipp_state_t ippReadIO(void *, ipp_io_cb_t, int, ipp_t *, ipp_t *)
cups_file_t * cupsFileOpen(const char *, const char *)
int cupsFileClose(cups_file_t *)

## 函数详细信息 (JSON格式):
[
  {
    "name": "ippReadIO",
    "signature": "ipp_state_t ippReadIO(void *, ipp_io_cb_t, int, ipp_t *, ipp_t *)",
    "return_type": "ipp_state_t",
    "param_types": [
      "void *",
      "ipp_io_cb_t",
      "int",
      "ipp_t *",
      "ipp_t *"
    ],
    "param_names": [
      "src",
      "cb",
      "blocking",
      "parent",
      "ipp"
    ],
    "includes": []
  },
  {
    "name": "cupsFileOpen",
    "signature": "cups_file_t * cupsFileOpen(const char *, const char *)",
    "return_type": "cups_file_t *",
    "param_types": [
      "const char *",
      "const char *"
    ],
    "param_names": [
      "filename",
      "mode"
    ],
    "includes": []
  },
  {
    "name": "cupsFileClose",
    "signature": "int cupsFileClose(cups_file_t *)",
    "return_type": "int",
    "param_types": [
      "cups_file_t *"
    ],
    "param_names": [
      "fp"
    ],
    "includes": []
  }
]

## 您的任务:
1. 分析上述函数，理解它们之间可能的调用关系
2. 创建一个符合LibFuzzer接口的测试程序，其中包含LLVMFuzzerTestOneInput函数
3. 在该测试程序中，根据输入数据(data和size)正确初始化函数参数，并合理地调用上述函数
4. 确保在测试过程中不会有内存泄漏，所有资源在测试完成后都能正确释放
5. 如果多个函数之间有调用关系，应当设计合理的调用流程，以充分测试函数交互

## 要求:
1. 所有使用的变量必须声明并初始化。确保代码类型匹配，添加必要的类型转换
2. 变量值尽可能避免使用NULL(除非必要)
3. 如果使用goto语句，必须在goto之前声明所有变量
4. 函数调用顺序应该遵循逻辑，如果有明显的初始化函数、核心处理函数和清理函数，应该按顺序调用
5. 处理输入数据时要考虑边界情况，如data为NULL或size为0的情况
6. 尽可能使用输入数据(data和size)来构造函数参数，以增加测试覆盖率

请提供完整的C代码，包括必要的头文件和正确的LLVMFuzzerTestOneInput函数实现。

<solution>
// 您的解决方案将在这里
</solution> 

[2025-06-05 05:00:45][Stage: 大模型响应]
```c
#include <stddef.h>
#include <stdint.h>
#include <stdlib.h>
#include <string.h>

// Mock definitions for missing types and functions
typedef enum {
    ipp_state_t
} ipp_state_t;

typedef struct {
    int dummy;
} ipp_io_cb_t;

typedef struct {
    int dummy;
} ipp_t;

typedef struct {
    int dummy;
} cups_file_t;

// Function prototypes
ipp_state_t ippReadIO(void *, ipp_io_cb_t, int, ipp_t *, ipp_t *);
cups_file_t * cupsFileOpen(const char *, const char *);
int cupsFileClose(cups_file_t *);

// Fuzzing entry point
extern "C" int LLVMFuzzerTestOneInput(const uint8_t *data, size_t size) {
    if (size == 0 || data == NULL) {
        return 0;
    }

    // Initialize variables
    void *src = malloc(size);
    ipp_io_cb_t cb;
    int blocking = 1;
    ipp_t *parent = malloc(sizeof(ipp_t));
    ipp_t *ipp = malloc(sizeof(ipp_t));
    const char *filename = "testfile.txt";
    const char *mode = "r";
    cups_file_t *fp;

    // Copy data to src
    memcpy(src, data, size);

    // Call functions
    ipp_state_t ippState = ippReadIO(src, cb, blocking, parent, ipp);
    if (ippState == ipp_state_t) {
        fp = cupsFileOpen(filename, mode);
        if (fp != NULL) {
            int result = cupsFileClose(fp);
            if (result != 0) {
                // Handle error
            }
        }
    }

    // Cleanup
    free(src);
    free(parent);
    free(ipp);

    return 0;
}
```  
